c:\users\gokse\desktop\projects\bılgısayar grafıklerı\2.proje\glfwopengl\glfwopengl\debug\vc140.pdb
c:\users\gokse\desktop\projects\bılgısayar grafıklerı\2.proje\glfwopengl\glfwopengl\debug\vc140.ıdb
c:\users\gokse\desktop\projects\bılgısayar grafıklerı\2.proje\glfwopengl\glfwopengl\debug\maın.natıvecodeanalysıs.xml
c:\users\gokse\desktop\projects\bılgısayar grafıklerı\2.proje\glfwopengl\debug\glfwopengl.ılk
c:\users\gokse\desktop\projects\bılgısayar grafıklerı\2.proje\glfwopengl\debug\glfwopengl.exe
c:\users\gokse\desktop\projects\bılgısayar grafıklerı\2.proje\glfwopengl\debug\glfwopengl.pdb
c:\users\gokse\desktop\projects\bilgisayar grafikleri\2.proje\glfwopengl\glfwopengl\debug\nativecodeanalysis.read.1.tlog
c:\users\gokse\desktop\projects\bilgisayar grafikleri\2.proje\glfwopengl\glfwopengl\debug\vc140.idb
c:\users\gokse\desktop\projects\bilgisayar grafikleri\2.proje\glfwopengl\glfwopengl\debug\vc140.pdb
c:\users\gokse\desktop\projects\bilgisayar grafikleri\2.proje\glfwopengl\glfwopengl\debug\main.nativecodeanalysis.xml
c:\users\gokse\desktop\projects\bilgisayar grafikleri\2.proje\glfwopengl\glfwopengl\debug\vc.nativecodeanalysis.all.xml
c:\users\gokse\desktop\projects\bilgisayar grafikleri\2.proje\glfwopengl\debug\glfwopengl.pdb
c:\users\gokse\desktop\projects\bilgisayar grafikleri\2.proje\glfwopengl\debug\glfwopengl.exe
c:\users\gokse\desktop\projects\bilgisayar grafikleri\2.proje\glfwopengl\debug\glfwopengl.ilk
c:\users\gokse\desktop\projects\bilgisayar grafikleri\2.proje\glfwopengl\debug\glfwopengl.exe.lastcodeanalysissucceeded
c:\users\gokse\desktop\projects\bilgisayar grafikleri\2.proje\glfwopengl\glfwopengl\debug\glfwopengl.tlog\cl.command.1.tlog
c:\users\gokse\desktop\projects\bilgisayar grafikleri\2.proje\glfwopengl\glfwopengl\debug\glfwopengl.tlog\cl.read.1.tlog
c:\users\gokse\desktop\projects\bilgisayar grafikleri\2.proje\glfwopengl\glfwopengl\debug\glfwopengl.tlog\cl.write.1.tlog
c:\users\gokse\desktop\projects\bilgisayar grafikleri\2.proje\glfwopengl\glfwopengl\debug\glfwopengl.tlog\link.command.1.tlog
c:\users\gokse\desktop\projects\bilgisayar grafikleri\2.proje\glfwopengl\glfwopengl\debug\glfwopengl.tlog\link.read.1.tlog
c:\users\gokse\desktop\projects\bilgisayar grafikleri\2.proje\glfwopengl\glfwopengl\debug\glfwopengl.tlog\link.write.1.tlog
